<?xml version="1.0" encoding="UTF-8"?>
<!-- Generated by org.testng.reporters.JUnitReportReporter -->
<testsuite hostname="DESKTOP-Raveena" failures="0" tests="1" name="com.org.concordia.photoapi.tests.TestGetAllPhotosApi" time="4.084" errors="0" timestamp="2022-11-08T01:55:13 GMT-05:00" skipped="0">
  <testcase classname="com.org.concordia.photoapi.tests.TestGetAllPhotosApi" name="showAllPhotosToUser" time="4.084"/>
  <system-out/>
</testsuite> <!-- com.org.concordia.photoapi.tests.TestGetAllPhotosApi -->
