<?xml version="1.0" encoding="UTF-8"?>
<!-- Generated by org.testng.reporters.JUnitReportReporter -->
<testsuite hostname="DESKTOP-Raveena" failures="0" tests="4" name="com.org.concordia.photoapi.tests.TestAddAndRemoveFavouritePhotosByUserApi" time="2.638" errors="0" timestamp="2022-11-14T16:25:25 GMT-05:00" skipped="0">
  <testcase classname="com.org.concordia.photoapi.tests.TestAddAndRemoveFavouritePhotosByUserApi" name="addUserFavPhotos" time="2.022"/>
  <system-out/>
  <testcase classname="com.org.concordia.photoapi.tests.TestAddAndRemoveFavouritePhotosByUserApi" name="removeUserFavPhotos" time="0.174"/>
  <system-out/>
  <testcase classname="com.org.concordia.photoapi.tests.TestAddAndRemoveFavouritePhotosByUserApi" name="addUserFavPhotosWithInvalidUser" time="0.380"/>
  <system-out/>
  <testcase classname="com.org.concordia.photoapi.tests.TestAddAndRemoveFavouritePhotosByUserApi" name="removeUserFavPhotosWithInvalidUser" time="0.062"/>
  <system-out/>
</testsuite> <!-- com.org.concordia.photoapi.tests.TestAddAndRemoveFavouritePhotosByUserApi -->
