<?xml version="1.0" encoding="UTF-8"?>
<!-- Generated by org.testng.reporters.JUnitReportReporter -->
<testsuite hostname="DESKTOP-Raveena" failures="0" tests="2" name="com.org.concordia.photoapi.tests.TestDBConnection" time="0.001" errors="0" timestamp="2022-11-14T16:25:25 GMT-05:00" skipped="0">
  <testcase classname="com.org.concordia.photoapi.tests.TestDBConnection" name="setupConnection" time="0.001"/>
  <system-out/>
  <testcase classname="com.org.concordia.photoapi.tests.TestDBConnection" name="closeConnection" time="0.000"/>
  <system-out/>
</testsuite> <!-- com.org.concordia.photoapi.tests.TestDBConnection -->
