<?xml version="1.0" encoding="UTF-8"?>
<!-- Generated by org.testng.reporters.JUnitReportReporter -->
<testsuite hostname="DESKTOP-Raveena" failures="0" tests="3" name="com.org.concordia.photoapi.tests.TestGetAllFavPhotosByUsernameApi" time="0.301" errors="0" timestamp="2022-11-13T10:40:40 GMT-05:00" skipped="0">
  <testcase classname="com.org.concordia.photoapi.tests.TestGetAllFavPhotosByUsernameApi" name="addUserFavPhotos" time="0.192"/>
  <system-out/>
  <testcase classname="com.org.concordia.photoapi.tests.TestGetAllFavPhotosByUsernameApi" name="getFavPhotos" time="0.088"/>
  <system-out/>
  <testcase classname="com.org.concordia.photoapi.tests.TestGetAllFavPhotosByUsernameApi" name="getUserFavPhotosWithInvalidUser" time="0.021"/>
  <system-out/>
</testsuite> <!-- com.org.concordia.photoapi.tests.TestGetAllFavPhotosByUsernameApi -->
