<?xml version="1.0" encoding="UTF-8"?>
<!-- Generated by org.testng.reporters.JUnitReportReporter -->
<testsuite hostname="DESKTOP-Raveena" failures="0" tests="3" name="com.org.concordia.photoapi.tests.TestGetAllLikedPhotosByUsernameApi" time="0.186" errors="0" timestamp="2022-11-07T19:40:25 GMT-05:00" skipped="0">
  <testcase classname="com.org.concordia.photoapi.tests.TestGetAllLikedPhotosByUsernameApi" name="addPhotosLikedByUser" time="0.104"/>
  <system-out/>
  <testcase classname="com.org.concordia.photoapi.tests.TestGetAllLikedPhotosByUsernameApi" name="getLikedPhotos" time="0.055"/>
  <system-out/>
  <testcase classname="com.org.concordia.photoapi.tests.TestGetAllLikedPhotosByUsernameApi" name="getUserLikedPhotosWithInvalidUser" time="0.027"/>
  <system-out/>
</testsuite> <!-- com.org.concordia.photoapi.tests.TestGetAllLikedPhotosByUsernameApi -->
