<?xml version="1.0" encoding="UTF-8"?>
<!-- Generated by org.testng.reporters.JUnitReportReporter -->
<testsuite hostname="DESKTOP-Raveena" failures="0" tests="4" name="com.org.concordia.photoapi.tests.TestAddAndRemoveLikedPhotosByUserApi" time="0.303" errors="0" timestamp="2022-11-07T19:40:25 GMT-05:00" skipped="0">
  <testcase classname="com.org.concordia.photoapi.tests.TestAddAndRemoveLikedPhotosByUserApi" name="addPhotosLikedByUser" time="0.108"/>
  <system-out/>
  <testcase classname="com.org.concordia.photoapi.tests.TestAddAndRemoveLikedPhotosByUserApi" name="removePhotosDislikedByUser" time="0.139"/>
  <system-out/>
  <testcase classname="com.org.concordia.photoapi.tests.TestAddAndRemoveLikedPhotosByUserApi" name="addPhotosLikedByInvalidUser" time="0.030"/>
  <system-out/>
  <testcase classname="com.org.concordia.photoapi.tests.TestAddAndRemoveLikedPhotosByUserApi" name="removePhotosDislikedByInvalidUser" time="0.026"/>
  <system-out/>
</testsuite> <!-- com.org.concordia.photoapi.tests.TestAddAndRemoveLikedPhotosByUserApi -->
