<?xml version="1.0" encoding="UTF-8"?>
<!-- Generated by org.testng.reporters.JUnitReportReporter -->
<testsuite hostname="DESKTOP-Raveena" failures="0" tests="4" name="com.org.concordia.photoapi.tests.TestAddAndRemoveLikedPhotosByUserApi" time="0.271" errors="0" timestamp="2022-11-13T16:16:19 GMT-05:00" skipped="0">
  <testcase classname="com.org.concordia.photoapi.tests.TestAddAndRemoveLikedPhotosByUserApi" name="addPhotosLikedByUser" time="0.122"/>
  <system-out/>
  <testcase classname="com.org.concordia.photoapi.tests.TestAddAndRemoveLikedPhotosByUserApi" name="removePhotosDislikedByUser" time="0.116"/>
  <system-out/>
  <testcase classname="com.org.concordia.photoapi.tests.TestAddAndRemoveLikedPhotosByUserApi" name="addPhotosLikedByInvalidUser" time="0.013"/>
  <system-out/>
  <testcase classname="com.org.concordia.photoapi.tests.TestAddAndRemoveLikedPhotosByUserApi" name="removePhotosDislikedByInvalidUser" time="0.020"/>
  <system-out/>
</testsuite> <!-- com.org.concordia.photoapi.tests.TestAddAndRemoveLikedPhotosByUserApi -->
