<?xml version="1.0" encoding="UTF-8"?>
<!-- Generated by org.testng.reporters.JUnitReportReporter -->
<testsuite hostname="DESKTOP-Raveena" failures="0" tests="3" name="com.org.concordia.photoapi.tests.TestValidateUserApi" time="0.070" errors="0" timestamp="2022-11-08T23:17:17 GMT-05:00" skipped="0">
  <testcase classname="com.org.concordia.photoapi.tests.TestValidateUserApi" name="userAuthenticationFailure" time="0.026"/>
  <system-out/>
  <testcase classname="com.org.concordia.photoapi.tests.TestValidateUserApi" name="userAuthenticationSuccess" time="0.022"/>
  <system-out/>
  <testcase classname="com.org.concordia.photoapi.tests.TestValidateUserApi" name="userAuthenticationWrongPassword" time="0.022"/>
  <system-out/>
</testsuite> <!-- com.org.concordia.photoapi.tests.TestValidateUserApi -->
