<?xml version="1.0" encoding="UTF-8"?>
<!-- Generated by org.testng.reporters.JUnitReportReporter -->
<testsuite hostname="DESKTOP-Raveena" failures="0" tests="3" name="com.org.concordia.photoapi.tests.TestValidateUserApi" time="0.091" errors="0" timestamp="2022-11-14T16:25:25 GMT-05:00" skipped="0">
  <testcase classname="com.org.concordia.photoapi.tests.TestValidateUserApi" name="userAuthenticationWrongPassword" time="0.023"/>
  <system-out/>
  <testcase classname="com.org.concordia.photoapi.tests.TestValidateUserApi" name="userAuthenticationFailure" time="0.043"/>
  <system-out/>
  <testcase classname="com.org.concordia.photoapi.tests.TestValidateUserApi" name="userAuthenticationSuccess" time="0.025"/>
  <system-out/>
</testsuite> <!-- com.org.concordia.photoapi.tests.TestValidateUserApi -->
