<?xml version="1.0" encoding="UTF-8"?>
<!-- Generated by org.testng.reporters.JUnitReportReporter -->
<testsuite hostname="DESKTOP-Raveena" failures="0" tests="1" name="com.org.concordia.photoapi.tests.TestGetAllPhotosApi" time="1.266" errors="0" timestamp="2022-11-13T10:40:40 GMT-05:00" skipped="0">
  <testcase classname="com.org.concordia.photoapi.tests.TestGetAllPhotosApi" name="showAllPhotosToUser" time="1.266"/>
  <system-out/>
</testsuite> <!-- com.org.concordia.photoapi.tests.TestGetAllPhotosApi -->
