<?xml version="1.0" encoding="UTF-8"?>
<!-- Generated by org.testng.reporters.JUnitReportReporter -->
<testsuite hostname="DESKTOP-Raveena" failures="0" tests="4" name="com.org.concordia.photoapi.tests.TestAddAndRemoveFavouritePhotosByUserApi" time="2.998" errors="0" timestamp="2022-11-13T10:40:40 GMT-05:00" skipped="0">
  <testcase classname="com.org.concordia.photoapi.tests.TestAddAndRemoveFavouritePhotosByUserApi" name="addUserFavPhotos" time="2.209"/>
  <system-out/>
  <testcase classname="com.org.concordia.photoapi.tests.TestAddAndRemoveFavouritePhotosByUserApi" name="removeUserFavPhotos" time="0.129"/>
  <system-out/>
  <testcase classname="com.org.concordia.photoapi.tests.TestAddAndRemoveFavouritePhotosByUserApi" name="addUserFavPhotosWithInvalidUser" time="0.611"/>
  <system-out/>
  <testcase classname="com.org.concordia.photoapi.tests.TestAddAndRemoveFavouritePhotosByUserApi" name="removeUserFavPhotosWithInvalidUser" time="0.049"/>
  <system-out/>
</testsuite> <!-- com.org.concordia.photoapi.tests.TestAddAndRemoveFavouritePhotosByUserApi -->
