<?xml version="1.0" encoding="UTF-8"?>
<!-- Generated by org.testng.reporters.JUnitReportReporter -->
<testsuite hostname="DESKTOP-Raveena" failures="0" tests="4" name="com.org.concordia.photoapi.tests.TestAddAndRemoveFavouritePhotosByUserApi" time="2.309" errors="0" timestamp="2022-11-07T19:40:25 GMT-05:00" skipped="0">
  <testcase classname="com.org.concordia.photoapi.tests.TestAddAndRemoveFavouritePhotosByUserApi" name="addUserFavPhotos" time="1.885"/>
  <system-out/>
  <testcase classname="com.org.concordia.photoapi.tests.TestAddAndRemoveFavouritePhotosByUserApi" name="removeUserFavPhotos" time="0.224"/>
  <system-out/>
  <testcase classname="com.org.concordia.photoapi.tests.TestAddAndRemoveFavouritePhotosByUserApi" name="addUserFavPhotosWithInvalidUser" time="0.158"/>
  <system-out/>
  <testcase classname="com.org.concordia.photoapi.tests.TestAddAndRemoveFavouritePhotosByUserApi" name="removeUserFavPhotosWithInvalidUser" time="0.042"/>
  <system-out/>
</testsuite> <!-- com.org.concordia.photoapi.tests.TestAddAndRemoveFavouritePhotosByUserApi -->
