<?xml version="1.0" encoding="UTF-8"?>
<!-- Generated by org.testng.reporters.JUnitReportReporter -->
<testsuite hostname="DESKTOP-Raveena" failures="0" tests="3" name="com.org.concordia.photoapi.tests.TestAddNewUserApi" time="0.146" errors="0" timestamp="2022-11-13T10:40:40 GMT-05:00" skipped="0">
  <testcase classname="com.org.concordia.photoapi.tests.TestAddNewUserApi" name="deleteNewUserCreated" time="0.001"/>
  <system-out/>
  <testcase classname="com.org.concordia.photoapi.tests.TestAddNewUserApi" name="addNewUserSuccess" time="0.113"/>
  <system-out/>
  <testcase classname="com.org.concordia.photoapi.tests.TestAddNewUserApi" name="addNewUserFailure" time="0.032"/>
  <system-out/>
</testsuite> <!-- com.org.concordia.photoapi.tests.TestAddNewUserApi -->
