<?xml version="1.0" encoding="UTF-8"?>
<!-- Generated by org.testng.reporters.JUnitReportReporter -->
<testsuite hostname="DESKTOP-Raveena" failures="0" tests="3" name="com.org.concordia.photoapi.tests.TestGetAllLikedPhotosByUsernameApi" time="0.235" errors="0" timestamp="2022-11-13T10:40:40 GMT-05:00" skipped="0">
  <testcase classname="com.org.concordia.photoapi.tests.TestGetAllLikedPhotosByUsernameApi" name="addPhotosLikedByUser" time="0.110"/>
  <system-out/>
  <testcase classname="com.org.concordia.photoapi.tests.TestGetAllLikedPhotosByUsernameApi" name="getLikedPhotos" time="0.075"/>
  <system-out/>
  <testcase classname="com.org.concordia.photoapi.tests.TestGetAllLikedPhotosByUsernameApi" name="getUserLikedPhotosWithInvalidUser" time="0.050"/>
  <system-out/>
</testsuite> <!-- com.org.concordia.photoapi.tests.TestGetAllLikedPhotosByUsernameApi -->
