<?xml version="1.0" encoding="UTF-8"?>
<!-- Generated by org.testng.reporters.JUnitReportReporter -->
<testsuite hostname="DESKTOP-Raveena" failures="0" tests="3" name="com.org.concordia.photoapi.tests.TestValidateUserApi" time="0.198" errors="0" timestamp="2022-11-08T01:55:13 GMT-05:00" skipped="0">
  <testcase classname="com.org.concordia.photoapi.tests.TestValidateUserApi" name="userAuthenticationSuccess" time="0.056"/>
  <system-out/>
  <testcase classname="com.org.concordia.photoapi.tests.TestValidateUserApi" name="userAuthenticationFailure" time="0.082"/>
  <system-out/>
  <testcase classname="com.org.concordia.photoapi.tests.TestValidateUserApi" name="userAuthenticationWrongPassword" time="0.060"/>
  <system-out/>
</testsuite> <!-- com.org.concordia.photoapi.tests.TestValidateUserApi -->
