<?xml version="1.0" encoding="UTF-8"?>
<!-- Generated by org.testng.reporters.JUnitReportReporter -->
<testsuite hostname="DESKTOP-Raveena" failures="0" tests="4" name="com.org.concordia.photoapi.tests.TestAddAndRemoveFavouritePhotosByUserApi" time="1.891" errors="0" timestamp="2022-11-07T21:00:48 GMT-05:00" skipped="0">
  <testcase classname="com.org.concordia.photoapi.tests.TestAddAndRemoveFavouritePhotosByUserApi" name="addUserFavPhotos" time="1.686"/>
  <system-out/>
  <testcase classname="com.org.concordia.photoapi.tests.TestAddAndRemoveFavouritePhotosByUserApi" name="removeUserFavPhotos" time="0.098"/>
  <system-out/>
  <testcase classname="com.org.concordia.photoapi.tests.TestAddAndRemoveFavouritePhotosByUserApi" name="addUserFavPhotosWithInvalidUser" time="0.080"/>
  <system-out/>
  <testcase classname="com.org.concordia.photoapi.tests.TestAddAndRemoveFavouritePhotosByUserApi" name="removeUserFavPhotosWithInvalidUser" time="0.027"/>
  <system-out/>
</testsuite> <!-- com.org.concordia.photoapi.tests.TestAddAndRemoveFavouritePhotosByUserApi -->
