<?xml version="1.0" encoding="UTF-8"?>
<!-- Generated by org.testng.reporters.JUnitReportReporter -->
<testsuite hostname="DESKTOP-Raveena" failures="0" tests="1" name="com.org.concordia.photoapi.tests.TestUserDetailsAfterLogin" time="0.040" errors="0" timestamp="2022-11-08T23:17:17 GMT-05:00" skipped="0">
  <testcase classname="com.org.concordia.photoapi.tests.TestUserDetailsAfterLogin" name="userDetailsAfterLogin" time="0.040"/>
  <system-out/>
</testsuite> <!-- com.org.concordia.photoapi.tests.TestUserDetailsAfterLogin -->
