<?xml version="1.0" encoding="UTF-8"?>
<!-- Generated by org.testng.reporters.JUnitReportReporter -->
<testsuite hostname="DESKTOP-Raveena" failures="0" tests="3" name="com.org.concordia.photoapi.tests.TestAddNewUserApi" time="0.225" errors="0" timestamp="2022-11-07T12:48:10 GMT-05:00" skipped="0">
  <testcase classname="com.org.concordia.photoapi.tests.TestAddNewUserApi" name="deleteNewUserCreated" time="0.090"/>
  <system-out/>
  <testcase classname="com.org.concordia.photoapi.tests.TestAddNewUserApi" name="addNewUserSuccess" time="0.115"/>
  <system-out/>
  <testcase classname="com.org.concordia.photoapi.tests.TestAddNewUserApi" name="addNewUserFailure" time="0.020"/>
  <system-out/>
</testsuite> <!-- com.org.concordia.photoapi.tests.TestAddNewUserApi -->
