<?xml version="1.0" encoding="UTF-8"?>
<!-- Generated by org.testng.reporters.JUnitReportReporter -->
<testsuite hostname="DESKTOP-Raveena" failures="0" tests="3" name="com.org.concordia.photoapi.tests.TestGetAllFavPhotosByUsernameApi" time="0.384" errors="0" timestamp="2022-11-08T01:55:13 GMT-05:00" skipped="0">
  <testcase classname="com.org.concordia.photoapi.tests.TestGetAllFavPhotosByUsernameApi" name="addUserFavPhotos" time="0.149"/>
  <system-out/>
  <testcase classname="com.org.concordia.photoapi.tests.TestGetAllFavPhotosByUsernameApi" name="getFavPhotos" time="0.202"/>
  <system-out/>
  <testcase classname="com.org.concordia.photoapi.tests.TestGetAllFavPhotosByUsernameApi" name="getUserFavPhotosWithInvalidUser" time="0.033"/>
  <system-out/>
</testsuite> <!-- com.org.concordia.photoapi.tests.TestGetAllFavPhotosByUsernameApi -->
