<?xml version="1.0" encoding="UTF-8"?>
<!-- Generated by org.testng.reporters.JUnitReportReporter -->
<testsuite hostname="DESKTOP-Raveena" failures="0" tests="4" name="com.org.concordia.photoapi.tests.TestAddAndRemoveLikedPhotosByUserApi" time="0.252" errors="0" timestamp="2022-11-07T21:00:48 GMT-05:00" skipped="0">
  <testcase classname="com.org.concordia.photoapi.tests.TestAddAndRemoveLikedPhotosByUserApi" name="addPhotosLikedByUser" time="0.117"/>
  <system-out/>
  <testcase classname="com.org.concordia.photoapi.tests.TestAddAndRemoveLikedPhotosByUserApi" name="removePhotosDislikedByUser" time="0.099"/>
  <system-out/>
  <testcase classname="com.org.concordia.photoapi.tests.TestAddAndRemoveLikedPhotosByUserApi" name="addPhotosLikedByInvalidUser" time="0.015"/>
  <system-out/>
  <testcase classname="com.org.concordia.photoapi.tests.TestAddAndRemoveLikedPhotosByUserApi" name="removePhotosDislikedByInvalidUser" time="0.021"/>
  <system-out/>
</testsuite> <!-- com.org.concordia.photoapi.tests.TestAddAndRemoveLikedPhotosByUserApi -->
