<?xml version="1.0" encoding="UTF-8"?>
<!-- Generated by org.testng.reporters.JUnitReportReporter -->
<testsuite hostname="DESKTOP-Raveena" failures="0" tests="2" name="com.org.concordia.photoapi.tests.TestAddAndRemoveFavouritePhotosByUserApi" time="1.377" errors="0" timestamp="2022-11-07T12:48:10 GMT-05:00" skipped="0">
  <testcase classname="com.org.concordia.photoapi.tests.TestAddAndRemoveFavouritePhotosByUserApi" name="addUserFavPhotos" time="1.254"/>
  <system-out/>
  <testcase classname="com.org.concordia.photoapi.tests.TestAddAndRemoveFavouritePhotosByUserApi" name="removeUserFavPhotos" time="0.123"/>
  <system-out/>
</testsuite> <!-- com.org.concordia.photoapi.tests.TestAddAndRemoveFavouritePhotosByUserApi -->
